{"/home/jerrydixon1/Development/big-compass/lager/src/lager.ts": {"path":"/home/jerrydixon1/Development/big-compass/lager/src/lager.ts","statementMap":{"0":{"start":{"line":1,"column":0},"end":{"line":1,"column":45}},"1":{"start":{"line":2,"column":0},"end":{"line":2,"column":51}},"2":{"start":{"line":4,"column":0},"end":{"line":4,"column":50}},"3":{"start":{"line":5,"column":0},"end":{"line":5,"column":70}},"4":{"start":{"line":7,"column":45},"end":{"line":7,"column":47}},"5":{"start":{"line":9,"column":13},"end":{"line":67,"column":null}},"6":{"start":{"line":19,"column":4},"end":{"line":21,"column":null}},"7":{"start":{"line":20,"column":6},"end":{"line":20,"column":null}},"8":{"start":{"line":22,"column":4},"end":{"line":24,"column":null}},"9":{"start":{"line":23,"column":6},"end":{"line":23,"column":null}},"10":{"start":{"line":26,"column":4},"end":{"line":28,"column":null}},"11":{"start":{"line":27,"column":6},"end":{"line":27,"column":null}},"12":{"start":{"line":31,"column":4},"end":{"line":33,"column":6}},"13":{"start":{"line":32,"column":6},"end":{"line":32,"column":null}},"14":{"start":{"line":36,"column":27},"end":{"line":52,"column":null}},"15":{"start":{"line":39,"column":8},"end":{"line":42,"column":null}},"16":{"start":{"line":43,"column":8},"end":{"line":43,"column":null}},"17":{"start":{"line":50,"column":8},"end":{"line":50,"column":null}},"18":{"start":{"line":55,"column":4},"end":{"line":64,"column":null}},"19":{"start":{"line":56,"column":6},"end":{"line":63,"column":null}},"20":{"start":{"line":58,"column":20},"end":{"line":58,"column":59}},"21":{"start":{"line":61,"column":34},"end":{"line":61,"column":67}},"22":{"start":{"line":62,"column":8},"end":{"line":62,"column":null}},"23":{"start":{"line":65,"column":4},"end":{"line":65,"column":null}}},"fnMap":{"0":{"name":"(anonymous_0)","decl":{"start":{"line":17,"column":2},"end":{"line":17,"column":8}},"loc":{"start":{"line":17,"column":73},"end":{"line":66,"column":3}}},"1":{"name":"(anonymous_1)","decl":{"start":{"line":31,"column":24},"end":{"line":31,"column":25}},"loc":{"start":{"line":31,"column":38},"end":{"line":33,"column":5}}},"2":{"name":"(anonymous_2)","decl":{"start":{"line":38,"column":6},"end":{"line":38,"column":11}},"loc":{"start":{"line":38,"column":30},"end":{"line":44,"column":7}}},"3":{"name":"(anonymous_3)","decl":{"start":{"line":49,"column":6},"end":{"line":49,"column":11}},"loc":{"start":{"line":49,"column":11},"end":{"line":51,"column":7}}},"4":{"name":"(anonymous_4)","decl":{"start":{"line":55,"column":19},"end":{"line":55,"column":20}},"loc":{"start":{"line":55,"column":32},"end":{"line":64,"column":5}}},"5":{"name":"(anonymous_5)","decl":{"start":{"line":56,"column":22},"end":{"line":56,"column":23}},"loc":{"start":{"line":56,"column":66},"end":{"line":63,"column":7}}}},"branchMap":{"0":{"loc":{"start":{"line":17,"column":71},"end":{"line":17,"column":73}},"type":"default-arg","locations":[{"start":{"line":17,"column":71},"end":{"line":17,"column":73}}]},"1":{"loc":{"start":{"line":19,"column":4},"end":{"line":21,"column":null}},"type":"if","locations":[{"start":{"line":19,"column":4},"end":{"line":21,"column":null}},{"start":{"line":19,"column":4},"end":{"line":21,"column":null}}]},"2":{"loc":{"start":{"line":19,"column":15},"end":{"line":19,"column":17}},"type":"cond-expr","locations":[{"start":{"line":19,"column":15},"end":{"line":19,"column":17}},{"start":{"line":19,"column":9},"end":{"line":19,"column":23}}]},"3":{"loc":{"start":{"line":19,"column":9},"end":{"line":19,"column":17}},"type":"binary-expr","locations":[{"start":{"line":19,"column":9},"end":{"line":19,"column":17}},{"start":{"line":19,"column":9},"end":{"line":19,"column":17}}]},"4":{"loc":{"start":{"line":22,"column":4},"end":{"line":24,"column":null}},"type":"if","locations":[{"start":{"line":22,"column":4},"end":{"line":24,"column":null}},{"start":{"line":22,"column":4},"end":{"line":24,"column":null}}]},"5":{"loc":{"start":{"line":26,"column":4},"end":{"line":28,"column":null}},"type":"if","locations":[{"start":{"line":26,"column":4},"end":{"line":28,"column":null}},{"start":{"line":26,"column":4},"end":{"line":28,"column":null}}]},"6":{"loc":{"start":{"line":31,"column":14},"end":{"line":31,"column":16}},"type":"cond-expr","locations":[{"start":{"line":31,"column":14},"end":{"line":31,"column":16}},{"start":{"line":31,"column":4},"end":{"line":33,"column":6}}]},"7":{"loc":{"start":{"line":31,"column":4},"end":{"line":31,"column":16}},"type":"binary-expr","locations":[{"start":{"line":31,"column":4},"end":{"line":31,"column":16}},{"start":{"line":31,"column":4},"end":{"line":31,"column":16}}]}},"s":{"0":3,"1":3,"2":3,"3":3,"4":3,"5":3,"6":8,"7":7,"8":8,"9":7,"10":8,"11":2,"12":8,"13":6,"14":8,"15":1,"16":1,"17":1,"18":8,"19":38,"20":8,"21":8,"22":8,"23":8},"f":{"0":8,"1":6,"2":1,"3":1,"4":38,"5":8},"b":{"0":[1],"1":[7,1],"2":[7,1],"3":[8,8],"4":[7,1],"5":[2,6],"6":[2,6],"7":[8,8]}}
,"/home/jerrydixon1/Development/big-compass/lager/src/lager/constants.ts": {"path":"/home/jerrydixon1/Development/big-compass/lager/src/lager/constants.ts","statementMap":{"0":{"start":{"line":5,"column":13},"end":{"line":5,"column":null}}},"fnMap":{},"branchMap":{},"s":{"0":5},"f":{},"b":{}}
,"/home/jerrydixon1/Development/big-compass/lager/src/lager/destinations/consoleLog.ts": {"path":"/home/jerrydixon1/Development/big-compass/lager/src/lager/destinations/consoleLog.ts","statementMap":{"0":{"start":{"line":1,"column":0},"end":{"line":1,"column":54}},"1":{"start":{"line":3,"column":0},"end":{"line":3,"column":40}},"2":{"start":{"line":4,"column":0},"end":{"line":4,"column":53}},"3":{"start":{"line":6,"column":13},"end":{"line":47,"column":null}},"4":{"start":{"line":8,"column":19},"end":{"line":47,"column":2}},"5":{"start":{"line":10,"column":4},"end":{"line":12,"column":null}},"6":{"start":{"line":11,"column":6},"end":{"line":11,"column":12}},"7":{"start":{"line":15,"column":16},"end":{"line":15,"column":18}},"8":{"start":{"line":16,"column":4},"end":{"line":20,"column":null}},"9":{"start":{"line":17,"column":6},"end":{"line":17,"column":null}},"10":{"start":{"line":18,"column":11},"end":{"line":20,"column":null}},"11":{"start":{"line":19,"column":6},"end":{"line":19,"column":null}},"12":{"start":{"line":22,"column":4},"end":{"line":42,"column":null}},"13":{"start":{"line":25,"column":8},"end":{"line":25,"column":null}},"14":{"start":{"line":26,"column":8},"end":{"line":26,"column":13}},"15":{"start":{"line":29,"column":8},"end":{"line":29,"column":null}},"16":{"start":{"line":30,"column":8},"end":{"line":30,"column":13}},"17":{"start":{"line":33,"column":8},"end":{"line":33,"column":null}},"18":{"start":{"line":34,"column":8},"end":{"line":34,"column":13}},"19":{"start":{"line":38,"column":8},"end":{"line":38,"column":null}},"20":{"start":{"line":39,"column":8},"end":{"line":39,"column":13}},"21":{"start":{"line":41,"column":8},"end":{"line":41,"column":null}},"22":{"start":{"line":45,"column":4},"end":{"line":45,"column":null}}},"fnMap":{"0":{"name":"(anonymous_0)","decl":{"start":{"line":6,"column":26},"end":{"line":6,"column":null}},"loc":{"start":{"line":8,"column":19},"end":{"line":47,"column":2}}},"1":{"name":"(anonymous_1)","decl":{"start":{"line":9,"column":2},"end":{"line":9,"column":6}},"loc":{"start":{"line":9,"column":16},"end":{"line":46,"column":3}}}},"branchMap":{"0":{"loc":{"start":{"line":10,"column":4},"end":{"line":12,"column":null}},"type":"if","locations":[{"start":{"line":10,"column":4},"end":{"line":12,"column":null}},{"start":{"line":10,"column":4},"end":{"line":12,"column":null}}]},"1":{"loc":{"start":{"line":16,"column":4},"end":{"line":20,"column":null}},"type":"if","locations":[{"start":{"line":16,"column":4},"end":{"line":20,"column":null}},{"start":{"line":16,"column":4},"end":{"line":20,"column":null}}]},"2":{"loc":{"start":{"line":16,"column":8},"end":{"line":16,"column":24}},"type":"binary-expr","locations":[{"start":{"line":16,"column":8},"end":{"line":16,"column":24}},{"start":{"line":16,"column":28},"end":{"line":16,"column":48}}]},"3":{"loc":{"start":{"line":16,"column":34},"end":{"line":16,"column":36}},"type":"cond-expr","locations":[{"start":{"line":16,"column":34},"end":{"line":16,"column":36}},{"start":{"line":16,"column":28},"end":{"line":16,"column":48}}]},"4":{"loc":{"start":{"line":16,"column":28},"end":{"line":16,"column":36}},"type":"binary-expr","locations":[{"start":{"line":16,"column":28},"end":{"line":16,"column":36}},{"start":{"line":16,"column":28},"end":{"line":16,"column":36}}]},"5":{"loc":{"start":{"line":17,"column":14},"end":{"line":17,"column":30}},"type":"binary-expr","locations":[{"start":{"line":17,"column":14},"end":{"line":17,"column":30}},{"start":{"line":17,"column":34},"end":{"line":17,"column":54}}]},"6":{"loc":{"start":{"line":17,"column":40},"end":{"line":17,"column":42}},"type":"cond-expr","locations":[{"start":{"line":17,"column":40},"end":{"line":17,"column":42}},{"start":{"line":17,"column":34},"end":{"line":17,"column":54}}]},"7":{"loc":{"start":{"line":17,"column":34},"end":{"line":17,"column":42}},"type":"binary-expr","locations":[{"start":{"line":17,"column":34},"end":{"line":17,"column":42}},{"start":{"line":17,"column":34},"end":{"line":17,"column":42}}]},"8":{"loc":{"start":{"line":18,"column":11},"end":{"line":20,"column":null}},"type":"if","locations":[{"start":{"line":18,"column":11},"end":{"line":20,"column":null}},{"start":{"line":18,"column":11},"end":{"line":20,"column":null}}]},"9":{"loc":{"start":{"line":23,"column":6},"end":{"line":23,"column":24}},"type":"switch","locations":[{"start":{"line":23,"column":6},"end":{"line":23,"column":24}},{"start":{"line":24,"column":6},"end":{"line":26,"column":13}},{"start":{"line":27,"column":6},"end":{"line":27,"column":23}},{"start":{"line":28,"column":6},"end":{"line":30,"column":13}},{"start":{"line":31,"column":6},"end":{"line":31,"column":23}},{"start":{"line":32,"column":6},"end":{"line":34,"column":13}},{"start":{"line":35,"column":6},"end":{"line":35,"column":24}},{"start":{"line":36,"column":6},"end":{"line":36,"column":27}},{"start":{"line":37,"column":6},"end":{"line":39,"column":13}},{"start":{"line":40,"column":6},"end":{"line":41,"column":null}}]}},"s":{"0":3,"1":3,"2":3,"3":3,"4":11,"5":23,"6":1,"7":22,"8":22,"9":8,"10":14,"11":12,"12":22,"13":3,"14":3,"15":4,"16":4,"17":4,"18":4,"19":7,"20":7,"21":4,"22":22},"f":{"0":11,"1":23},"b":{"0":[1,22],"1":[8,14],"2":[22,19],"3":[12,7],"4":[19,19],"5":[8,5],"6":[0,5],"7":[5,5],"8":[12,2],"9":[3,3,4,4,4,4,6,7,7,4]}}
,"/home/jerrydixon1/Development/big-compass/lager/src/lager/destinations/index.ts": {"path":"/home/jerrydixon1/Development/big-compass/lager/src/lager/destinations/index.ts","statementMap":{"0":{"start":{"line":1,"column":0},"end":{"line":1,"column":27}},"1":{"start":{"line":2,"column":0},"end":{"line":2,"column":41}},"2":{"start":{"line":4,"column":13},"end":{"line":7,"column":null}}},"fnMap":{},"branchMap":{},"s":{"0":3,"1":3,"2":3},"f":{},"b":{}}
,"/home/jerrydixon1/Development/big-compass/lager/src/lager/destinations/sqs.ts": {"path":"/home/jerrydixon1/Development/big-compass/lager/src/lager/destinations/sqs.ts","statementMap":{"0":{"start":{"line":5,"column":12},"end":{"line":5,"column":30}},"1":{"start":{"line":6,"column":0},"end":{"line":6,"column":73}},"2":{"start":{"line":9,"column":0},"end":{"line":9,"column":53}},"3":{"start":{"line":11,"column":13},"end":{"line":45,"column":null}},"4":{"start":{"line":12,"column":33},"end":{"line":12,"column":39}},"5":{"start":{"line":15,"column":2},"end":{"line":17,"column":null}},"6":{"start":{"line":16,"column":4},"end":{"line":16,"column":null}},"7":{"start":{"line":20,"column":2},"end":{"line":20,"column":null}},"8":{"start":{"line":21,"column":2},"end":{"line":23,"column":null}},"9":{"start":{"line":22,"column":4},"end":{"line":22,"column":null}},"10":{"start":{"line":24,"column":2},"end":{"line":26,"column":null}},"11":{"start":{"line":25,"column":4},"end":{"line":25,"column":null}},"12":{"start":{"line":27,"column":19},"end":{"line":27,"column":42}},"13":{"start":{"line":29,"column":2},"end":{"line":44,"column":null}},"14":{"start":{"line":31,"column":6},"end":{"line":42,"column":null}},"15":{"start":{"line":38,"column":10},"end":{"line":41,"column":null}}},"fnMap":{"0":{"name":"(anonymous_0)","decl":{"start":{"line":11,"column":19},"end":{"line":11,"column":20}},"loc":{"start":{"line":11,"column":65},"end":{"line":45,"column":1}}},"1":{"name":"(anonymous_1)","decl":{"start":{"line":30,"column":4},"end":{"line":30,"column":8}},"loc":{"start":{"line":30,"column":17},"end":{"line":43,"column":5}}},"2":{"name":"(anonymous_2)","decl":{"start":{"line":37,"column":15},"end":{"line":37,"column":16}},"loc":{"start":{"line":37,"column":25},"end":{"line":42,"column":9}}}},"branchMap":{"0":{"loc":{"start":{"line":15,"column":2},"end":{"line":17,"column":null}},"type":"if","locations":[{"start":{"line":15,"column":2},"end":{"line":17,"column":null}},{"start":{"line":15,"column":2},"end":{"line":17,"column":null}}]},"1":{"loc":{"start":{"line":20,"column":15},"end":{"line":20,"column":25}},"type":"binary-expr","locations":[{"start":{"line":20,"column":15},"end":{"line":20,"column":25}},{"start":{"line":20,"column":29},"end":{"line":20,"column":31}}]},"2":{"loc":{"start":{"line":21,"column":2},"end":{"line":23,"column":null}},"type":"if","locations":[{"start":{"line":21,"column":2},"end":{"line":23,"column":null}},{"start":{"line":21,"column":2},"end":{"line":23,"column":null}}]},"3":{"loc":{"start":{"line":24,"column":2},"end":{"line":26,"column":null}},"type":"if","locations":[{"start":{"line":24,"column":2},"end":{"line":26,"column":null}},{"start":{"line":24,"column":2},"end":{"line":26,"column":null}}]}},"s":{"0":3,"1":3,"2":3,"3":3,"4":0,"5":0,"6":0,"7":0,"8":0,"9":0,"10":0,"11":0,"12":0,"13":0,"14":0,"15":0},"f":{"0":0,"1":0,"2":0},"b":{"0":[0,0],"1":[0,0],"2":[0,0],"3":[0,0]}}
,"/home/jerrydixon1/Development/big-compass/lager/src/lager/enums/ConsoleLevels.ts": {"path":"/home/jerrydixon1/Development/big-compass/lager/src/lager/enums/ConsoleLevels.ts","statementMap":{"0":{"start":{"line":2,"column":0},"end":{"line":2,"column":null}},"1":{"start":{"line":3,"column":2},"end":{"line":3,"column":null}},"2":{"start":{"line":4,"column":2},"end":{"line":4,"column":null}},"3":{"start":{"line":5,"column":2},"end":{"line":5,"column":null}},"4":{"start":{"line":6,"column":2},"end":{"line":6,"column":null}}},"fnMap":{"0":{"name":"(anonymous_0)","decl":{"start":{"line":2,"column":0},"end":{"line":2,"column":12}},"loc":{"start":{"line":2,"column":25},"end":{"line":7,"column":1}}}},"branchMap":{"0":{"loc":{"start":{"line":2,"column":12},"end":{"line":2,"column":25}},"type":"binary-expr","locations":[{"start":{"line":2,"column":12},"end":{"line":2,"column":25}},{"start":{"line":2,"column":12},"end":{"line":2,"column":null}}]}},"s":{"0":3,"1":3,"2":3,"3":3,"4":3},"f":{"0":3},"b":{"0":[3,3]}}
,"/home/jerrydixon1/Development/big-compass/lager/src/lager/enums/Levels.ts": {"path":"/home/jerrydixon1/Development/big-compass/lager/src/lager/enums/Levels.ts","statementMap":{"0":{"start":{"line":2,"column":0},"end":{"line":2,"column":null}},"1":{"start":{"line":3,"column":2},"end":{"line":3,"column":null}},"2":{"start":{"line":4,"column":2},"end":{"line":4,"column":null}},"3":{"start":{"line":5,"column":2},"end":{"line":5,"column":null}},"4":{"start":{"line":6,"column":2},"end":{"line":6,"column":null}},"5":{"start":{"line":7,"column":2},"end":{"line":7,"column":null}}},"fnMap":{"0":{"name":"(anonymous_0)","decl":{"start":{"line":2,"column":0},"end":{"line":2,"column":12}},"loc":{"start":{"line":2,"column":18},"end":{"line":8,"column":1}}}},"branchMap":{"0":{"loc":{"start":{"line":2,"column":12},"end":{"line":2,"column":18}},"type":"binary-expr","locations":[{"start":{"line":2,"column":12},"end":{"line":2,"column":18}},{"start":{"line":2,"column":12},"end":{"line":2,"column":null}}]}},"s":{"0":3,"1":3,"2":3,"3":3,"4":3,"5":3},"f":{"0":3},"b":{"0":[3,3]}}
,"/home/jerrydixon1/Development/big-compass/lager/src/lager/errors/DestinationConfigError.ts": {"path":"/home/jerrydixon1/Development/big-compass/lager/src/lager/errors/DestinationConfigError.ts","statementMap":{"0":{"start":{"line":7,"column":4},"end":{"line":7,"column":null}},"1":{"start":{"line":8,"column":4},"end":{"line":8,"column":null}},"2":{"start":{"line":5,"column":0},"end":{"line":5,"column":13}}},"fnMap":{"0":{"name":"(anonymous_0)","decl":{"start":{"line":6,"column":2},"end":{"line":6,"column":14}},"loc":{"start":{"line":6,"column":26},"end":{"line":9,"column":3}}}},"branchMap":{},"s":{"0":0,"1":0,"2":3},"f":{"0":0},"b":{}}
,"/home/jerrydixon1/Development/big-compass/lager/src/lager/util/createLog.ts": {"path":"/home/jerrydixon1/Development/big-compass/lager/src/lager/util/createLog.ts","statementMap":{"0":{"start":{"line":9,"column":13},"end":{"line":24,"column":null}},"1":{"start":{"line":10,"column":2},"end":{"line":21,"column":null}},"2":{"start":{"line":11,"column":4},"end":{"line":20,"column":null}},"3":{"start":{"line":13,"column":6},"end":{"line":19,"column":null}},"4":{"start":{"line":14,"column":8},"end":{"line":18,"column":null}},"5":{"start":{"line":15,"column":10},"end":{"line":15,"column":null}},"6":{"start":{"line":17,"column":10},"end":{"line":17,"column":null}},"7":{"start":{"line":23,"column":2},"end":{"line":23,"column":null}},"8":{"start":{"line":33,"column":13},"end":{"line":70,"column":null}},"9":{"start":{"line":38,"column":19},"end":{"line":38,"column":28}},"10":{"start":{"line":39,"column":15},"end":{"line":43,"column":null}},"11":{"start":{"line":44,"column":2},"end":{"line":46,"column":null}},"12":{"start":{"line":45,"column":4},"end":{"line":45,"column":null}},"13":{"start":{"line":49,"column":2},"end":{"line":67,"column":null}},"14":{"start":{"line":50,"column":4},"end":{"line":66,"column":null}},"15":{"start":{"line":52,"column":6},"end":{"line":56,"column":null}},"16":{"start":{"line":57,"column":6},"end":{"line":57,"column":null}},"17":{"start":{"line":58,"column":11},"end":{"line":66,"column":null}},"18":{"start":{"line":60,"column":6},"end":{"line":60,"column":null}},"19":{"start":{"line":61,"column":6},"end":{"line":61,"column":null}},"20":{"start":{"line":62,"column":11},"end":{"line":66,"column":null}},"21":{"start":{"line":64,"column":6},"end":{"line":64,"column":null}},"22":{"start":{"line":65,"column":6},"end":{"line":65,"column":null}},"23":{"start":{"line":69,"column":2},"end":{"line":69,"column":null}},"24":{"start":{"line":79,"column":13},"end":{"line":92,"column":null}},"25":{"start":{"line":86,"column":19},"end":{"line":86,"column":49}},"26":{"start":{"line":89,"column":2},"end":{"line":89,"column":null}},"27":{"start":{"line":91,"column":2},"end":{"line":91,"column":null}}},"fnMap":{"0":{"name":"(anonymous_0)","decl":{"start":{"line":9,"column":33},"end":{"line":9,"column":34}},"loc":{"start":{"line":9,"column":69},"end":{"line":24,"column":1}}},"1":{"name":"(anonymous_1)","decl":{"start":{"line":33,"column":23},"end":{"line":33,"column":null}},"loc":{"start":{"line":37,"column":9},"end":{"line":70,"column":1}}},"2":{"name":"(anonymous_2)","decl":{"start":{"line":79,"column":25},"end":{"line":79,"column":null}},"loc":{"start":{"line":84,"column":9},"end":{"line":92,"column":1}}}},"branchMap":{"0":{"loc":{"start":{"line":10,"column":2},"end":{"line":21,"column":null}},"type":"if","locations":[{"start":{"line":10,"column":2},"end":{"line":21,"column":null}},{"start":{"line":10,"column":2},"end":{"line":21,"column":null}}]},"1":{"loc":{"start":{"line":13,"column":6},"end":{"line":19,"column":null}},"type":"if","locations":[{"start":{"line":13,"column":6},"end":{"line":19,"column":null}},{"start":{"line":13,"column":6},"end":{"line":19,"column":null}}]},"2":{"loc":{"start":{"line":14,"column":8},"end":{"line":18,"column":null}},"type":"if","locations":[{"start":{"line":14,"column":8},"end":{"line":18,"column":null}},{"start":{"line":14,"column":8},"end":{"line":18,"column":null}}]},"3":{"loc":{"start":{"line":44,"column":2},"end":{"line":46,"column":null}},"type":"if","locations":[{"start":{"line":44,"column":2},"end":{"line":46,"column":null}},{"start":{"line":44,"column":2},"end":{"line":46,"column":null}}]},"4":{"loc":{"start":{"line":50,"column":4},"end":{"line":66,"column":null}},"type":"if","locations":[{"start":{"line":50,"column":4},"end":{"line":66,"column":null}},{"start":{"line":50,"column":4},"end":{"line":66,"column":null}}]},"5":{"loc":{"start":{"line":50,"column":8},"end":{"line":50,"column":28}},"type":"binary-expr","locations":[{"start":{"line":50,"column":8},"end":{"line":50,"column":28}},{"start":{"line":50,"column":32},"end":{"line":50,"column":46}}]},"6":{"loc":{"start":{"line":58,"column":11},"end":{"line":66,"column":null}},"type":"if","locations":[{"start":{"line":58,"column":11},"end":{"line":66,"column":null}},{"start":{"line":58,"column":11},"end":{"line":66,"column":null}}]},"7":{"loc":{"start":{"line":58,"column":15},"end":{"line":58,"column":38}},"type":"binary-expr","locations":[{"start":{"line":58,"column":15},"end":{"line":58,"column":38}},{"start":{"line":58,"column":42},"end":{"line":58,"column":57}}]},"8":{"loc":{"start":{"line":62,"column":11},"end":{"line":66,"column":null}},"type":"if","locations":[{"start":{"line":62,"column":11},"end":{"line":66,"column":null}},{"start":{"line":62,"column":11},"end":{"line":66,"column":null}}]}},"s":{"0":5,"1":11,"2":4,"3":8,"4":7,"5":2,"6":5,"7":11,"8":5,"9":15,"10":15,"11":15,"12":6,"13":15,"14":26,"15":4,"16":4,"17":22,"18":5,"19":5,"20":17,"21":11,"22":11,"23":15,"24":5,"25":9,"26":9,"27":9},"f":{"0":11,"1":15,"2":9},"b":{"0":[4,7],"1":[7,1],"2":[2,5],"3":[6,9],"4":[4,22],"5":[26,6],"6":[5,17],"7":[22,9],"8":[11,6]}}
,"/home/jerrydixon1/Development/big-compass/lager/src/lager/util/decircularize.ts": {"path":"/home/jerrydixon1/Development/big-compass/lager/src/lager/util/decircularize.ts","statementMap":{"0":{"start":{"line":1,"column":0},"end":{"line":1,"column":43}},"1":{"start":{"line":3,"column":13},"end":{"line":3,"column":null}},"2":{"start":{"line":3,"column":46},"end":{"line":3,"column":72}}},"fnMap":{"0":{"name":"(anonymous_1)","decl":{"start":{"line":3,"column":29},"end":{"line":3,"column":30}},"loc":{"start":{"line":3,"column":46},"end":{"line":3,"column":72}}}},"branchMap":{},"s":{"0":4,"1":4,"2":23},"f":{"0":23},"b":{}}
,"/home/jerrydixon1/Development/big-compass/lager/src/lager/util/transport.ts": {"path":"/home/jerrydixon1/Development/big-compass/lager/src/lager/util/transport.ts","statementMap":{"0":{"start":{"line":2,"column":0},"end":{"line":2,"column":50}},"1":{"start":{"line":9,"column":13},"end":{"line":30,"column":null}},"2":{"start":{"line":15,"column":2},"end":{"line":27,"column":null}},"3":{"start":{"line":16,"column":18},"end":{"line":16,"column":33}},"4":{"start":{"line":17,"column":4},"end":{"line":17,"column":null}},"5":{"start":{"line":18,"column":4},"end":{"line":24,"column":null}},"6":{"start":{"line":19,"column":6},"end":{"line":23,"column":null}},"7":{"start":{"line":26,"column":4},"end":{"line":26,"column":null}},"8":{"start":{"line":29,"column":2},"end":{"line":29,"column":null}},"9":{"start":{"line":39,"column":13},"end":{"line":76,"column":null}},"10":{"start":{"line":44,"column":49},"end":{"line":44,"column":51}},"11":{"start":{"line":47,"column":2},"end":{"line":52,"column":null}},"12":{"start":{"line":48,"column":4},"end":{"line":51,"column":null}},"13":{"start":{"line":50,"column":8},"end":{"line":50,"column":71}},"14":{"start":{"line":55,"column":2},"end":{"line":73,"column":4}},"15":{"start":{"line":59,"column":4},"end":{"line":67,"column":null}},"16":{"start":{"line":60,"column":6},"end":{"line":60,"column":null}},"17":{"start":{"line":61,"column":11},"end":{"line":67,"column":null}},"18":{"start":{"line":62,"column":6},"end":{"line":62,"column":null}},"19":{"start":{"line":64,"column":6},"end":{"line":66,"column":null}},"20":{"start":{"line":70,"column":4},"end":{"line":72,"column":null}},"21":{"start":{"line":71,"column":6},"end":{"line":71,"column":null}},"22":{"start":{"line":75,"column":2},"end":{"line":75,"column":null}}},"fnMap":{"0":{"name":"(anonymous_0)","decl":{"start":{"line":9,"column":30},"end":{"line":9,"column":null}},"loc":{"start":{"line":12,"column":4},"end":{"line":30,"column":1}}},"1":{"name":"(anonymous_1)","decl":{"start":{"line":39,"column":29},"end":{"line":39,"column":null}},"loc":{"start":{"line":43,"column":4},"end":{"line":76,"column":1}}},"2":{"name":"(anonymous_2)","decl":{"start":{"line":49,"column":6},"end":{"line":49,"column":7}},"loc":{"start":{"line":50,"column":8},"end":{"line":50,"column":71}}},"3":{"name":"(anonymous_3)","decl":{"start":{"line":55,"column":22},"end":{"line":55,"column":23}},"loc":{"start":{"line":55,"column":36},"end":{"line":73,"column":3}}}},"branchMap":{"0":{"loc":{"start":{"line":15,"column":2},"end":{"line":27,"column":null}},"type":"if","locations":[{"start":{"line":15,"column":2},"end":{"line":27,"column":null}},{"start":{"line":15,"column":2},"end":{"line":27,"column":null}}]},"1":{"loc":{"start":{"line":15,"column":6},"end":{"line":15,"column":22}},"type":"binary-expr","locations":[{"start":{"line":15,"column":6},"end":{"line":15,"column":22}},{"start":{"line":15,"column":26},"end":{"line":15,"column":40}}]},"2":{"loc":{"start":{"line":15,"column":15},"end":{"line":15,"column":17}},"type":"cond-expr","locations":[{"start":{"line":15,"column":15},"end":{"line":15,"column":17}},{"start":{"line":15,"column":6},"end":{"line":15,"column":22}}]},"3":{"loc":{"start":{"line":15,"column":6},"end":{"line":15,"column":17}},"type":"binary-expr","locations":[{"start":{"line":15,"column":6},"end":{"line":15,"column":17}},{"start":{"line":15,"column":6},"end":{"line":15,"column":17}}]},"4":{"loc":{"start":{"line":15,"column":32},"end":{"line":15,"column":34}},"type":"cond-expr","locations":[{"start":{"line":15,"column":32},"end":{"line":15,"column":34}},{"start":{"line":15,"column":26},"end":{"line":15,"column":40}}]},"5":{"loc":{"start":{"line":15,"column":26},"end":{"line":15,"column":34}},"type":"binary-expr","locations":[{"start":{"line":15,"column":26},"end":{"line":15,"column":34}},{"start":{"line":15,"column":26},"end":{"line":15,"column":34}}]},"6":{"loc":{"start":{"line":18,"column":4},"end":{"line":24,"column":null}},"type":"if","locations":[{"start":{"line":18,"column":4},"end":{"line":24,"column":null}},{"start":{"line":18,"column":4},"end":{"line":24,"column":null}}]},"7":{"loc":{"start":{"line":47,"column":2},"end":{"line":52,"column":null}},"type":"if","locations":[{"start":{"line":47,"column":2},"end":{"line":52,"column":null}},{"start":{"line":47,"column":2},"end":{"line":52,"column":null}}]},"8":{"loc":{"start":{"line":47,"column":6},"end":{"line":47,"column":17}},"type":"binary-expr","locations":[{"start":{"line":47,"column":6},"end":{"line":47,"column":17}},{"start":{"line":47,"column":21},"end":{"line":47,"column":39}}]},"9":{"loc":{"start":{"line":47,"column":31},"end":{"line":47,"column":33}},"type":"cond-expr","locations":[{"start":{"line":47,"column":31},"end":{"line":47,"column":33}},{"start":{"line":47,"column":21},"end":{"line":47,"column":39}}]},"10":{"loc":{"start":{"line":47,"column":21},"end":{"line":47,"column":33}},"type":"binary-expr","locations":[{"start":{"line":47,"column":21},"end":{"line":47,"column":33}},{"start":{"line":47,"column":21},"end":{"line":47,"column":33}}]},"11":{"loc":{"start":{"line":50,"column":8},"end":{"line":50,"column":35}},"type":"binary-expr","locations":[{"start":{"line":50,"column":8},"end":{"line":50,"column":35}},{"start":{"line":50,"column":35},"end":{"line":50,"column":71}}]},"12":{"loc":{"start":{"line":50,"column":18},"end":{"line":50,"column":20}},"type":"cond-expr","locations":[{"start":{"line":50,"column":18},"end":{"line":50,"column":20}},{"start":{"line":50,"column":9},"end":{"line":50,"column":31}}]},"13":{"loc":{"start":{"line":50,"column":9},"end":{"line":50,"column":20}},"type":"binary-expr","locations":[{"start":{"line":50,"column":9},"end":{"line":50,"column":20}},{"start":{"line":50,"column":9},"end":{"line":50,"column":20}}]},"14":{"loc":{"start":{"line":55,"column":12},"end":{"line":55,"column":14}},"type":"cond-expr","locations":[{"start":{"line":55,"column":12},"end":{"line":55,"column":14}},{"start":{"line":55,"column":2},"end":{"line":73,"column":4}}]},"15":{"loc":{"start":{"line":55,"column":2},"end":{"line":55,"column":14}},"type":"binary-expr","locations":[{"start":{"line":55,"column":2},"end":{"line":55,"column":14}},{"start":{"line":55,"column":2},"end":{"line":55,"column":14}}]},"16":{"loc":{"start":{"line":59,"column":4},"end":{"line":67,"column":null}},"type":"if","locations":[{"start":{"line":59,"column":4},"end":{"line":67,"column":null}},{"start":{"line":59,"column":4},"end":{"line":67,"column":null}}]},"17":{"loc":{"start":{"line":61,"column":11},"end":{"line":67,"column":null}},"type":"if","locations":[{"start":{"line":61,"column":11},"end":{"line":67,"column":null}},{"start":{"line":61,"column":11},"end":{"line":67,"column":null}}]},"18":{"loc":{"start":{"line":70,"column":4},"end":{"line":72,"column":null}},"type":"if","locations":[{"start":{"line":70,"column":4},"end":{"line":72,"column":null}},{"start":{"line":70,"column":4},"end":{"line":72,"column":null}}]}},"s":{"0":5,"1":5,"2":13,"3":6,"4":6,"5":6,"6":2,"7":7,"8":13,"9":5,"10":14,"11":14,"12":10,"13":14,"14":14,"15":26,"16":6,"17":20,"18":19,"19":1,"20":26,"21":4,"22":14},"f":{"0":13,"1":14,"2":14,"3":26},"b":{"0":[6,7],"1":[13,8],"2":[0,13],"3":[13,13],"4":[1,7],"5":[8,8],"6":[2,4],"7":[10,4],"8":[14,10],"9":[0,10],"10":[10,10],"11":[14,12],"12":[0,14],"13":[14,14],"14":[0,14],"15":[14,14],"16":[6,20],"17":[19,1],"18":[4,22]}}
}
