{"C:\\Users\\jerry\\Development\\big-compass\\lager\\lib\\lager\\getExports.js": {"path":"C:\\Users\\jerry\\Development\\big-compass\\lager\\lib\\lager\\getExports.js","statementMap":{"0":{"start":{"line":1,"column":19},"end":{"line":1,"column":41}},"1":{"start":{"line":3,"column":0},"end":{"line":12,"column":1}},"2":{"start":{"line":4,"column":2},"end":{"line":11,"column":4}},"3":{"start":{"line":7,"column":6},"end":{"line":9,"column":7}},"4":{"start":{"line":8,"column":8},"end":{"line":8,"column":35}}},"fnMap":{"0":{"name":"(anonymous_0)","decl":{"start":{"line":3,"column":17},"end":{"line":3,"column":18}},"loc":{"start":{"line":3,"column":28},"end":{"line":12,"column":1}},"line":3},"1":{"name":"(anonymous_1)","decl":{"start":{"line":6,"column":4},"end":{"line":6,"column":5}},"loc":{"start":{"line":6,"column":17},"end":{"line":10,"column":5}},"line":6}},"branchMap":{"0":{"loc":{"start":{"line":7,"column":6},"end":{"line":9,"column":7}},"type":"if","locations":[{"start":{"line":7,"column":6},"end":{"line":9,"column":7}},{"start":{"line":7,"column":6},"end":{"line":9,"column":7}}],"line":7}},"s":{"0":1,"1":1,"2":1,"3":5,"4":4},"f":{"0":1,"1":5},"b":{"0":[4,1]},"_coverageSchema":"1a1c01bbd47fc00a2c39e90264f33305004495a9","hash":"b030ce7ddc7ccb705bb7255f909d12e07f763b91"}
,"C:\\Users\\jerry\\Development\\big-compass\\lager\\lib\\lager\\util\\applyDefaultProps.js": {"path":"C:\\Users\\jerry\\Development\\big-compass\\lager\\lib\\lager\\util\\applyDefaultProps.js","statementMap":{"0":{"start":{"line":1,"column":0},"end":{"line":14,"column":1}},"1":{"start":{"line":2,"column":2},"end":{"line":13,"column":3}},"2":{"start":{"line":3,"column":4},"end":{"line":12,"column":5}},"3":{"start":{"line":5,"column":6},"end":{"line":11,"column":7}},"4":{"start":{"line":6,"column":8},"end":{"line":10,"column":9}},"5":{"start":{"line":7,"column":10},"end":{"line":7,"column":35}},"6":{"start":{"line":9,"column":10},"end":{"line":9,"column":30}}},"fnMap":{"0":{"name":"(anonymous_0)","decl":{"start":{"line":1,"column":17},"end":{"line":1,"column":18}},"loc":{"start":{"line":1,"column":33},"end":{"line":14,"column":1}},"line":1}},"branchMap":{"0":{"loc":{"start":{"line":2,"column":2},"end":{"line":13,"column":3}},"type":"if","locations":[{"start":{"line":2,"column":2},"end":{"line":13,"column":3}},{"start":{"line":2,"column":2},"end":{"line":13,"column":3}}],"line":2},"1":{"loc":{"start":{"line":5,"column":6},"end":{"line":11,"column":7}},"type":"if","locations":[{"start":{"line":5,"column":6},"end":{"line":11,"column":7}},{"start":{"line":5,"column":6},"end":{"line":11,"column":7}}],"line":5},"2":{"loc":{"start":{"line":6,"column":8},"end":{"line":10,"column":9}},"type":"if","locations":[{"start":{"line":6,"column":8},"end":{"line":10,"column":9}},{"start":{"line":6,"column":8},"end":{"line":10,"column":9}}],"line":6}},"s":{"0":1,"1":0,"2":0,"3":0,"4":0,"5":0,"6":0},"f":{"0":0},"b":{"0":[0,0],"1":[0,0],"2":[0,0]},"_coverageSchema":"1a1c01bbd47fc00a2c39e90264f33305004495a9","hash":"f5d8a95f079bbb06700d7fc5b3ba2a9aef15badf"}
,"C:\\Users\\jerry\\Development\\big-compass\\lager\\lib\\lager\\util\\createLogObject.js": {"path":"C:\\Users\\jerry\\Development\\big-compass\\lager\\lib\\lager\\util\\createLogObject.js","statementMap":{"0":{"start":{"line":1,"column":39},"end":{"line":1,"column":57}},"1":{"start":{"line":3,"column":0},"end":{"line":11,"column":1}},"2":{"start":{"line":5,"column":14},"end":{"line":5,"column":44}},"3":{"start":{"line":8,"column":2},"end":{"line":8,"column":34}},"4":{"start":{"line":10,"column":2},"end":{"line":10,"column":12}}},"fnMap":{"0":{"name":"(anonymous_0)","decl":{"start":{"line":3,"column":17},"end":{"line":3,"column":18}},"loc":{"start":{"line":3,"column":54},"end":{"line":11,"column":1}},"line":3}},"branchMap":{},"s":{"0":1,"1":1,"2":1,"3":0,"4":0},"f":{"0":1},"b":{},"_coverageSchema":"1a1c01bbd47fc00a2c39e90264f33305004495a9","hash":"05c99d9952a74e3a890d8f5555e0dc0cae331fc1"}
,"C:\\Users\\jerry\\Development\\big-compass\\lager\\lib\\lager\\util\\index.js": {"path":"C:\\Users\\jerry\\Development\\big-compass\\lager\\lib\\lager\\util\\index.js","statementMap":{"0":{"start":{"line":1,"column":0},"end":{"line":1,"column":52}}},"fnMap":{},"branchMap":{},"s":{"0":1},"f":{},"b":{},"_coverageSchema":"1a1c01bbd47fc00a2c39e90264f33305004495a9","hash":"d0c78c1c2638dc94b5c3f2fdc966a6b0a3ab11a9"}
,"C:\\Users\\jerry\\Development\\big-compass\\lager\\lib\\lager\\util\\initLog.js": {"path":"C:\\Users\\jerry\\Development\\big-compass\\lager\\lib\\lager\\util\\initLog.js","statementMap":{"0":{"start":{"line":1,"column":0},"end":{"line":31,"column":1}},"1":{"start":{"line":2,"column":14},"end":{"line":2,"column":23}},"2":{"start":{"line":3,"column":15},"end":{"line":7,"column":3}},"3":{"start":{"line":10,"column":2},"end":{"line":28,"column":3}},"4":{"start":{"line":11,"column":4},"end":{"line":27,"column":5}},"5":{"start":{"line":13,"column":6},"end":{"line":17,"column":7}},"6":{"start":{"line":18,"column":6},"end":{"line":18,"column":26}},"7":{"start":{"line":19,"column":11},"end":{"line":27,"column":5}},"8":{"start":{"line":21,"column":6},"end":{"line":21,"column":29}},"9":{"start":{"line":22,"column":6},"end":{"line":22,"column":27}},"10":{"start":{"line":23,"column":11},"end":{"line":27,"column":5}},"11":{"start":{"line":25,"column":6},"end":{"line":25,"column":23}},"12":{"start":{"line":26,"column":6},"end":{"line":26,"column":28}},"13":{"start":{"line":30,"column":2},"end":{"line":30,"column":12}}},"fnMap":{"0":{"name":"(anonymous_0)","decl":{"start":{"line":1,"column":17},"end":{"line":1,"column":18}},"loc":{"start":{"line":1,"column":44},"end":{"line":31,"column":1}},"line":1}},"branchMap":{"0":{"loc":{"start":{"line":11,"column":4},"end":{"line":27,"column":5}},"type":"if","locations":[{"start":{"line":11,"column":4},"end":{"line":27,"column":5}},{"start":{"line":11,"column":4},"end":{"line":27,"column":5}}],"line":11},"1":{"loc":{"start":{"line":11,"column":8},"end":{"line":11,"column":46}},"type":"binary-expr","locations":[{"start":{"line":11,"column":8},"end":{"line":11,"column":28}},{"start":{"line":11,"column":32},"end":{"line":11,"column":46}}],"line":11},"2":{"loc":{"start":{"line":19,"column":11},"end":{"line":27,"column":5}},"type":"if","locations":[{"start":{"line":19,"column":11},"end":{"line":27,"column":5}},{"start":{"line":19,"column":11},"end":{"line":27,"column":5}}],"line":19},"3":{"loc":{"start":{"line":19,"column":15},"end":{"line":19,"column":57}},"type":"binary-expr","locations":[{"start":{"line":19,"column":15},"end":{"line":19,"column":38}},{"start":{"line":19,"column":42},"end":{"line":19,"column":57}}],"line":19},"4":{"loc":{"start":{"line":23,"column":11},"end":{"line":27,"column":5}},"type":"if","locations":[{"start":{"line":23,"column":11},"end":{"line":27,"column":5}},{"start":{"line":23,"column":11},"end":{"line":27,"column":5}}],"line":23}},"s":{"0":1,"1":0,"2":0,"3":0,"4":0,"5":0,"6":0,"7":0,"8":0,"9":0,"10":0,"11":0,"12":0,"13":0},"f":{"0":0},"b":{"0":[0,0],"1":[0,0],"2":[0,0],"3":[0,0],"4":[0,0]},"_coverageSchema":"1a1c01bbd47fc00a2c39e90264f33305004495a9","hash":"12978db612f0d12c2364b7b7b5fe8a7aae2b5070"}
}
