TN:
SF:src/bc-serverless-logging-framework.ts
FN:26,(anonymous_1)
FN:55,(anonymous_2)
FN:62,(anonymous_3)
FN:84,(anonymous_4)
FN:124,(anonymous_5)
FN:130,(anonymous_6)
FN:131,(anonymous_7)
FNF:7
FNH:6
FNDA:8,(anonymous_1)
FNDA:6,(anonymous_2)
FNDA:1,(anonymous_3)
FNDA:0,(anonymous_4)
FNDA:1,(anonymous_5)
FNDA:38,(anonymous_6)
FNDA:8,(anonymous_7)
DA:1,3
DA:2,3
DA:9,3
DA:10,3
DA:14,3
DA:16,3
DA:18,3
DA:34,8
DA:37,8
DA:38,7
DA:40,8
DA:41,7
DA:44,8
DA:45,2
DA:48,8
DA:49,0
DA:50,0
DA:51,0
DA:55,8
DA:56,6
DA:60,8
DA:63,1
DA:64,0
DA:69,1
DA:75,1
DA:80,1
DA:85,0
DA:86,0
DA:88,0
DA:89,0
DA:90,0
DA:91,0
DA:92,0
DA:93,0
DA:98,0
DA:99,0
DA:102,0
DA:103,0
DA:104,0
DA:105,0
DA:108,0
DA:109,0
DA:112,0
DA:113,0
DA:114,0
DA:115,0
DA:118,0
DA:125,1
DA:130,8
DA:131,38
DA:133,8
DA:136,8
DA:137,8
DA:140,8
LF:54
LH:29
BRDA:33,0,0,1
BRDA:34,1,0,1
BRDA:34,1,1,7
BRDA:37,2,0,7
BRDA:37,2,1,1
BRDA:37,3,0,7
BRDA:37,3,1,1
BRDA:37,4,0,8
BRDA:37,4,1,8
BRDA:40,5,0,7
BRDA:40,5,1,1
BRDA:44,6,0,2
BRDA:44,6,1,6
BRDA:48,7,0,0
BRDA:48,7,1,8
BRDA:48,8,0,8
BRDA:48,8,1,1
BRDA:55,9,0,2
BRDA:55,9,1,6
BRDA:55,10,0,8
BRDA:55,10,1,8
BRDA:63,11,0,0
BRDA:63,11,1,1
BRDA:65,12,0,0
BRDA:65,12,1,0
BRDA:65,13,0,0
BRDA:65,13,1,0
BRDA:85,14,0,0
BRDA:85,14,1,0
BRDA:89,15,0,0
BRDA:89,15,1,0
BRDA:89,16,0,0
BRDA:89,16,1,0
BRDA:90,17,0,0
BRDA:90,17,1,0
BRDA:90,18,0,0
BRDA:90,18,1,0
BRDA:92,19,0,0
BRDA:92,19,1,0
BRDA:94,20,0,0
BRDA:94,20,1,0
BRDA:93,21,0,0
BRDA:93,21,1,0
BRDA:93,22,0,0
BRDA:93,22,1,0
BRDA:98,23,0,0
BRDA:98,23,1,0
BRDA:98,24,0,0
BRDA:98,24,1,0
BRDA:100,25,0,0
BRDA:100,25,1,0
BRDA:99,26,0,0
BRDA:99,26,1,0
BRDA:99,27,0,0
BRDA:99,27,1,0
BRDA:102,28,0,0
BRDA:102,28,1,0
BRDA:104,29,0,0
BRDA:104,29,1,0
BRDA:108,30,0,0
BRDA:108,30,1,0
BRDA:108,31,0,0
BRDA:108,31,1,0
BRDA:110,32,0,0
BRDA:110,32,1,0
BRDA:109,33,0,0
BRDA:109,33,1,0
BRDA:109,34,0,0
BRDA:109,34,1,0
BRDA:112,35,0,0
BRDA:112,35,1,0
BRDA:114,36,0,0
BRDA:114,36,1,0
BRF:73
BRH:21
end_of_record
TN:
SF:src/bc-serverless-logging-framework/constants.ts
FNF:0
FNH:0
DA:5,5
LF:1
LH:1
BRF:0
BRH:0
end_of_record
TN:
SF:src/bc-serverless-logging-framework/destinations/consoleLog.ts
FN:6,(anonymous_0)
FN:9,(anonymous_1)
FNF:2
FNH:2
FNDA:11,(anonymous_0)
FNDA:23,(anonymous_1)
DA:1,3
DA:3,3
DA:4,3
DA:6,3
DA:8,11
DA:10,23
DA:11,1
DA:15,22
DA:16,22
DA:17,8
DA:18,14
DA:19,12
DA:22,22
DA:25,3
DA:26,3
DA:29,4
DA:30,4
DA:33,4
DA:34,4
DA:38,7
DA:39,7
DA:41,4
DA:45,22
LF:23
LH:23
BRDA:10,0,0,1
BRDA:10,0,1,22
BRDA:16,1,0,8
BRDA:16,1,1,14
BRDA:16,2,0,22
BRDA:16,2,1,19
BRDA:16,3,0,12
BRDA:16,3,1,7
BRDA:16,4,0,19
BRDA:16,4,1,19
BRDA:17,5,0,8
BRDA:17,5,1,5
BRDA:17,6,0,0
BRDA:17,6,1,5
BRDA:17,7,0,5
BRDA:17,7,1,5
BRDA:18,8,0,12
BRDA:18,8,1,2
BRDA:23,9,0,3
BRDA:23,9,1,3
BRDA:23,9,2,4
BRDA:23,9,3,4
BRDA:23,9,4,4
BRDA:23,9,5,4
BRDA:23,9,6,6
BRDA:23,9,7,7
BRDA:23,9,8,7
BRDA:23,9,9,4
BRF:28
BRH:27
end_of_record
TN:
SF:src/bc-serverless-logging-framework/destinations/http.ts
FN:9,(anonymous_1)
FN:17,(anonymous_2)
FN:19,(anonymous_3)
FNF:3
FNH:0
FNDA:0,(anonymous_1)
FNDA:0,(anonymous_2)
FNDA:0,(anonymous_3)
DA:4,3
DA:7,3
DA:9,3
DA:10,0
DA:11,0
DA:16,0
DA:18,0
DA:19,0
DA:20,0
LF:9
LH:3
BRDA:10,0,0,0
BRDA:10,0,1,0
BRF:2
BRH:0
end_of_record
TN:
SF:src/bc-serverless-logging-framework/destinations/index.ts
FNF:0
FNH:0
DA:1,3
DA:2,3
DA:3,3
DA:5,3
LF:4
LH:4
BRF:0
BRH:0
end_of_record
TN:
SF:src/bc-serverless-logging-framework/destinations/sqs.ts
FN:11,(anonymous_0)
FN:30,(anonymous_1)
FN:37,(anonymous_2)
FNF:3
FNH:0
FNDA:0,(anonymous_0)
FNDA:0,(anonymous_1)
FNDA:0,(anonymous_2)
DA:5,3
DA:6,3
DA:9,3
DA:11,3
DA:12,0
DA:15,0
DA:16,0
DA:20,0
DA:21,0
DA:22,0
DA:24,0
DA:25,0
DA:27,0
DA:29,0
DA:31,0
DA:38,0
LF:16
LH:4
BRDA:15,0,0,0
BRDA:15,0,1,0
BRDA:20,1,0,0
BRDA:20,1,1,0
BRDA:21,2,0,0
BRDA:21,2,1,0
BRDA:24,3,0,0
BRDA:24,3,1,0
BRF:8
BRH:0
end_of_record
TN:
SF:src/bc-serverless-logging-framework/enums/ConsoleLevels.ts
FN:2,(anonymous_0)
FNF:1
FNH:1
FNDA:3,(anonymous_0)
DA:2,3
DA:3,3
DA:4,3
DA:5,3
DA:6,3
LF:5
LH:5
BRDA:2,0,0,3
BRDA:2,0,1,3
BRF:2
BRH:2
end_of_record
TN:
SF:src/bc-serverless-logging-framework/enums/Levels.ts
FN:2,(anonymous_0)
FNF:1
FNH:1
FNDA:3,(anonymous_0)
DA:2,3
DA:3,3
DA:4,3
DA:5,3
DA:6,3
DA:7,3
LF:6
LH:6
BRDA:2,0,0,3
BRDA:2,0,1,3
BRF:2
BRH:2
end_of_record
TN:
SF:src/bc-serverless-logging-framework/errors/DestinationConfigError.ts
FN:6,(anonymous_0)
FNF:1
FNH:0
FNDA:0,(anonymous_0)
DA:5,3
DA:7,0
DA:8,0
LF:3
LH:1
BRF:0
BRH:0
end_of_record
TN:
SF:src/bc-serverless-logging-framework/util/createLog.ts
FN:11,(anonymous_1)
FN:43,(anonymous_2)
FN:72,(anonymous_3)
FN:118,(anonymous_4)
FNF:4
FNH:4
FNDA:11,(anonymous_1)
FNDA:9,(anonymous_2)
FNDA:15,(anonymous_3)
FNDA:9,(anonymous_4)
DA:2,5
DA:3,5
DA:11,5
DA:16,11
DA:17,4
DA:19,8
DA:20,0
DA:24,8
DA:25,7
DA:26,2
DA:28,5
DA:34,11
DA:43,5
DA:48,9
DA:49,1
DA:51,0
DA:52,0
DA:56,0
DA:57,0
DA:62,9
DA:72,5
DA:77,15
DA:78,15
DA:83,15
DA:84,6
DA:88,15
DA:89,26
DA:91,4
DA:96,4
DA:97,22
DA:99,5
DA:100,5
DA:101,17
DA:103,11
DA:104,11
DA:108,15
DA:118,5
DA:127,9
DA:130,9
DA:133,9
DA:135,9
LF:41
LH:36
BRDA:16,0,0,4
BRDA:16,0,1,7
BRDA:19,1,0,0
BRDA:19,1,1,8
BRDA:24,2,0,7
BRDA:24,2,1,1
BRDA:25,3,0,2
BRDA:25,3,1,5
BRDA:48,4,0,1
BRDA:48,4,1,8
BRDA:51,5,0,0
BRDA:51,5,1,0
BRDA:56,6,0,0
BRDA:56,6,1,0
BRDA:83,7,0,6
BRDA:83,7,1,9
BRDA:89,8,0,4
BRDA:89,8,1,22
BRDA:89,9,0,26
BRDA:89,9,1,6
BRDA:97,10,0,5
BRDA:97,10,1,17
BRDA:97,11,0,22
BRDA:97,11,1,9
BRDA:101,12,0,11
BRDA:101,12,1,6
BRF:26
BRH:21
end_of_record
TN:
SF:src/bc-serverless-logging-framework/util/decircularize.ts
FN:3,(anonymous_1)
FNF:1
FNH:1
FNDA:23,(anonymous_1)
DA:1,4
DA:3,23
LF:2
LH:2
BRF:0
BRH:0
end_of_record
TN:
SF:src/bc-serverless-logging-framework/util/transport.ts
FN:9,(anonymous_0)
FN:39,(anonymous_1)
FN:49,(anonymous_2)
FN:55,(anonymous_3)
FNF:4
FNH:4
FNDA:13,(anonymous_0)
FNDA:14,(anonymous_1)
FNDA:25,(anonymous_2)
FNDA:23,(anonymous_3)
DA:2,5
DA:9,5
DA:15,13
DA:16,6
DA:17,6
DA:18,6
DA:19,2
DA:26,7
DA:29,13
DA:39,5
DA:44,14
DA:47,14
DA:48,13
DA:50,25
DA:55,14
DA:59,23
DA:60,6
DA:61,17
DA:62,16
DA:64,1
DA:70,23
DA:71,4
DA:75,14
LF:23
LH:23
BRDA:15,0,0,6
BRDA:15,0,1,7
BRDA:15,1,0,13
BRDA:15,1,1,8
BRDA:15,2,0,0
BRDA:15,2,1,13
BRDA:15,3,0,13
BRDA:15,3,1,13
BRDA:15,4,0,1
BRDA:15,4,1,7
BRDA:15,5,0,8
BRDA:15,5,1,8
BRDA:18,6,0,2
BRDA:18,6,1,4
BRDA:47,7,0,13
BRDA:47,7,1,1
BRDA:47,8,0,14
BRDA:47,8,1,13
BRDA:47,9,0,0
BRDA:47,9,1,13
BRDA:47,10,0,13
BRDA:47,10,1,13
BRDA:50,11,0,25
BRDA:50,11,1,13
BRDA:50,12,0,0
BRDA:50,12,1,25
BRDA:50,13,0,25
BRDA:50,13,1,25
BRDA:55,14,0,0
BRDA:55,14,1,14
BRDA:55,15,0,14
BRDA:55,15,1,14
BRDA:59,16,0,6
BRDA:59,16,1,17
BRDA:61,17,0,16
BRDA:61,17,1,1
BRDA:70,18,0,4
BRDA:70,18,1,19
BRF:38
BRH:34
end_of_record
